message:ファイル移動完了
message:ファイル移動完了
message:ファイル移動完了
message:ファイル移動完了
message:ファイル移動完了
message:ファイル移動完了
message:ファイル移動完了
message:ファイル移動完了
message:圧縮失敗
message:圧縮完了
message:移動完了
 message:圧縮完了
 message:移動完了
2020/09/08-15:51:21 message:圧縮完了
2020/09/08-15:51:21 message:移動完了
2020/09/08-15:57:29 message:引数が正しくありません。
20200911-113911message:ファイル移動完了
20200911-114004message:引数が正しくありません。
2020/10/01-20:12:51 message:引数が正しくありません。
20210708-152022message:ファイル移動完了
2021/07/09-11:57:38 message:圧縮失敗
2021/07/09-11:59:18 message:引数が正しくありません。
